<?xml version="1.0" encoding="UTF-8"?>
<!-- Generated by org.testng.reporters.JUnitReportReporter -->
<testsuite skipped="0" hostname="DEVARAJ-TYC112178" name="testNGAdvance.TC_AT_004" tests="1" failures="0" timestamp="2022-01-27T11:43:37 IST" time="0.032" errors="0">
  <testcase name="department" time="0.032" classname="testNGAdvance.TC_AT_004"/>
  <system-out>
DEPT : Testing  </system-out>
</testsuite> <!-- testNGAdvance.TC_AT_004 -->
