<?xml version="1.0" encoding="UTF-8"?>
<!-- Generated by org.testng.reporters.JUnitReportReporter -->
<testsuite skipped="1" hostname="DEVARAJ-TYC112178" name="testNGWorks.TC_AnnotationInTestNG" tests="5" failures="0" timestamp="2022-01-25T19:45:50 IST" time="231.624" errors="0">
  <testcase name="employeename" time="60.342" classname="testNGWorks.TC_AnnotationInTestNG"/>
  <system-out/>
  <testcase name="employeename" time="60.279" classname="testNGWorks.TC_AnnotationInTestNG"/>
  <system-out/>
  <testcase name="employeeID" time="55.501" classname="testNGWorks.TC_AnnotationInTestNG"/>
  <system-out/>
  <testcase name="employeeID" time="55.502" classname="testNGWorks.TC_AnnotationInTestNG"/>
  <system-out/>
  <testcase name="salary" classname="testNGWorks.TC_AnnotationInTestNG">
    <skipped/>
  </testcase> <!-- salary -->
  <system-out/>
</testsuite> <!-- testNGWorks.TC_AnnotationInTestNG -->
