<?xml version="1.0" encoding="UTF-8"?>
<!-- Generated by org.testng.reporters.JUnitReportReporter -->
<testsuite skipped="0" hostname="DEVARAJ-TYC112178" name="testNGAdvance.TC_AT_003" tests="1" failures="0" timestamp="2022-01-25T20:33:32 IST" time="211.668" errors="0">
  <testcase name="salary" time="211.668" classname="testNGAdvance.TC_AT_003"/>
  <system-out>
SAL : 19500  </system-out>
</testsuite> <!-- testNGAdvance.TC_AT_003 -->
