<?xml version="1.0" encoding="UTF-8"?>
<!-- Generated by org.testng.reporters.JUnitReportReporter -->
<testsuite skipped="0" hostname="DEVARAJ-TYC112178" name="testNGAdvance.TC_AT_001" tests="1" failures="0" timestamp="2022-01-25T20:33:33 IST" time="192.391" errors="0">
  <testcase name="employeename" time="192.391" classname="testNGAdvance.TC_AT_001"/>
  <system-out>
Name : Devaraj Shirur  </system-out>
</testsuite> <!-- testNGAdvance.TC_AT_001 -->
