<?xml version="1.0" encoding="UTF-8"?>
<!-- Generated by org.testng.reporters.JUnitReportReporter -->
<testsuite skipped="0" hostname="DEVARAJ-TYC112178" name="locators.ElementsOfActitime" tests="1" failures="0" timestamp="2022-01-21T15:18:54 IST" time="123.949" errors="0">
  <testcase name="loginActi" time="123.949" classname="locators.ElementsOfActitime"/>
  <system-out/>
</testsuite> <!-- locators.ElementsOfActitime -->
