<?xml version="1.0" encoding="UTF-8"?>
<!-- Generated by org.testng.reporters.JUnitReportReporter -->
<testsuite skipped="0" hostname="DEVARAJ-TYC112178" name="testNGWorks.ElementsOfActitime" tests="1" failures="0" timestamp="2022-01-21T15:25:59 IST" time="97.276" errors="0">
  <testcase name="loginActi" time="97.276" classname="testNGWorks.ElementsOfActitime"/>
  <system-out>
Loged in successfully  </system-out>
</testsuite> <!-- testNGWorks.ElementsOfActitime -->
